<?xml version="1.0" encoding="utf-8"?><testsuites name="pytest tests"><testsuite name="pytest" errors="5" failures="0" skipped="0" tests="5" time="2.728" timestamp="2026-07-24T06:57:31.073947+08:00" hostname="MacBook-Pro.local"><testcase classname="" name="solver.tests.test_build_20260715_formal_evidence" time="0.000"><error message="collection failure">ImportError while importing test module '/Volumes/移动硬盘（512G）/ReSETP/solver/tests/test_build_20260715_formal_evidence.py'.
Hint: make sure your test modules/packages have valid Python names.
Traceback:
/opt/anaconda3/lib/python3.13/importlib/__init__.py:88: in import_module
    return _bootstrap._gcd_import(name[level:], package, level)
           ^^^^^^^^^^^^^^^^^^^^^^^^^^^^^^^^^^^^^^^^^^^^^^^^^^^^
solver/tests/test_build_20260715_formal_evidence.py:7: in &lt;module&gt;
    import pandas as pd
E   ModuleNotFoundError: No module named 'pandas'</error></testcase><testcase classname="" name="solver.tests.test_paper_evidence_boundaries" time="0.000"><error message="collection failure">ImportError while importing test module '/Volumes/移动硬盘（512G）/ReSETP/solver/tests/test_paper_evidence_boundaries.py'.
Hint: make sure your test modules/packages have valid Python names.
Traceback:
/opt/anaconda3/lib/python3.13/importlib/__init__.py:88: in import_module
    return _bootstrap._gcd_import(name[level:], package, level)
           ^^^^^^^^^^^^^^^^^^^^^^^^^^^^^^^^^^^^^^^^^^^^^^^^^^^^
solver/tests/test_paper_evidence_boundaries.py:6: in &lt;module&gt;
    from baselines.paper_story import audit_20260715_paper_evidence_boundaries as audit
baselines/paper_story/audit_20260715_paper_evidence_boundaries.py:18: in &lt;module&gt;
    import pandas as pd
E   ModuleNotFoundError: No module named 'pandas'</error></testcase><testcase classname="" name="solver.tests.test_paper_math_audit" time="0.000"><error message="collection failure">ImportError while importing test module '/Volumes/移动硬盘（512G）/ReSETP/solver/tests/test_paper_math_audit.py'.
Hint: make sure your test modules/packages have valid Python names.
Traceback:
/opt/anaconda3/lib/python3.13/importlib/__init__.py:88: in import_module
    return _bootstrap._gcd_import(name[level:], package, level)
           ^^^^^^^^^^^^^^^^^^^^^^^^^^^^^^^^^^^^^^^^^^^^^^^^^^^^
solver/tests/test_paper_math_audit.py:5: in &lt;module&gt;
    from baselines.model_verification import paper_math_audit_20260716 as audit
baselines/model_verification/paper_math_audit_20260716.py:19: in &lt;module&gt;
    import sympy as sp
E   ModuleNotFoundError: No module named 'sympy'</error></testcase><testcase classname="" name="solver.tests.test_solomon_sintef_adapter_20260717" time="0.000"><error message="collection failure">ImportError while importing test module '/Volumes/移动硬盘（512G）/ReSETP/solver/tests/test_solomon_sintef_adapter_20260717.py'.
Hint: make sure your test modules/packages have valid Python names.
Traceback:
/opt/anaconda3/lib/python3.13/importlib/__init__.py:88: in import_module
    return _bootstrap._gcd_import(name[level:], package, level)
           ^^^^^^^^^^^^^^^^^^^^^^^^^^^^^^^^^^^^^^^^^^^^^^^^^^^^
solver/tests/test_solomon_sintef_adapter_20260717.py:27: in &lt;module&gt;
    audit = load_script(
solver/tests/test_solomon_sintef_adapter_20260717.py:23: in load_script
    spec.loader.exec_module(module)
baselines/e2_alns/audit_solomon_sintef_bks_20260717.py:29: in &lt;module&gt;
    from bs4 import BeautifulSoup
E   ModuleNotFoundError: No module named 'bs4'</error></testcase><testcase classname="" name="solver.tests.test_solomon_sintef_formal_runner_20260717" time="0.000"><error message="collection failure">ImportError while importing test module '/Volumes/移动硬盘（512G）/ReSETP/solver/tests/test_solomon_sintef_formal_runner_20260717.py'.
Hint: make sure your test modules/packages have valid Python names.
Traceback:
/opt/anaconda3/lib/python3.13/importlib/__init__.py:88: in import_module
    return _bootstrap._gcd_import(name[level:], package, level)
           ^^^^^^^^^^^^^^^^^^^^^^^^^^^^^^^^^^^^^^^^^^^^^^^^^^^^
solver/tests/test_solomon_sintef_formal_runner_20260717.py:30: in &lt;module&gt;
    audit = load_script(
solver/tests/test_solomon_sintef_formal_runner_20260717.py:22: in load_script
    spec.loader.exec_module(module)
baselines/e2_alns/audit_solomon_sintef_bks_20260717.py:29: in &lt;module&gt;
    from bs4 import BeautifulSoup
E   ModuleNotFoundError: No module named 'bs4'</error></testcase></testsuite></testsuites>